<?xml version="1.0" encoding="UTF-8"?>
<!-- Generated by org.testng.reporters.JUnitReportReporter -->
<testsuite hostname="DESKTOP-73F3N3R" failures="0" tests="1" name="progressBar.progressBar" time="18.719" errors="0" timestamp="2022-01-06T17:27:28 MST" skipped="0">
  <testcase classname="progressBar.progressBar" name="loadprogressBar" time="18.719"/>
  <system-out/>
</testsuite> <!-- progressBar.progressBar -->
